Success (3):
content 6694 _a-0000e052-6d46-8000-06a9-01ef9001ef90_7171 "AD_EnvironmentLabels"
content 6695 _a-0000e052-6d46-8000-06a9-01ef9001ef90_7172 "AD_EnvironmentValues"
application 6693 _a-0000e052-6d46-8000-06a9-01ef9001ef90_7170 "Auto_Deploy_1.0"

Referenced precedents that were not exported (2):
user gpolk gpolk
content 4870 9fe7a67d-221f-4480-8baf-ce89637400ed

Trace:
2018-02-27 18:52:49.013 DEBUG application 6693 _a-0000e052-6d46-8000-06a9-01ef9001ef90_7170 Begin transport.
2018-02-27 18:52:49.013 DEBUG application 6693 _a-0000e052-6d46-8000-06a9-01ef9001ef90_7170 Retrieving object data.
2018-02-27 18:52:49.019 DEBUG application 6693 _a-0000e052-6d46-8000-06a9-01ef9001ef90_7170 App associated objects: [content=[_a-0000e052-6d46-8000-06a9-01ef9001ef90_7171, _a-0000e052-6d46-8000-06a9-01ef9001ef90_7172]]
2018-02-27 18:52:49.021 DEBUG application 6693 _a-0000e052-6d46-8000-06a9-01ef9001ef90_7170 Invalid associated objects: []
2018-02-27 18:52:49.021 DEBUG application 6693 _a-0000e052-6d46-8000-06a9-01ef9001ef90_7170 Adding valid associated objects to be exported: GlobalBindingMap[content={_a-0000e052-6d46-8000-06a9-01ef9001ef90_7171=6694, _a-0000e052-6d46-8000-06a9-01ef9001ef90_7172=6695}]
2018-02-27 18:52:49.022 DEBUG application 6693 _a-0000e052-6d46-8000-06a9-01ef9001ef90_7170 Setting uuids of object references.
2018-02-27 18:52:49.028 DEBUG application 6693 _a-0000e052-6d46-8000-06a9-01ef9001ef90_7170 Processing reference: Application.forum
2018-02-27 18:52:49.029 DEBUG application 6693 _a-0000e052-6d46-8000-06a9-01ef9001ef90_7170 Processing reference: Application.parent
2018-02-27 18:52:49.032 DEBUG application 6693 _a-0000e052-6d46-8000-06a9-01ef9001ef90_7170 Processing reference: com.appiancorp.suiteapi.content.ContentRoleMap@6d4b5801[
  ContentRole[name=readers,inherit=false,allowForAll=false]
  ContentRole[name=authors,inherit=false,allowForAll=false]
  ContentRole[name=administrators,usernames=[gpolk],inherit=false,allowForAll=false]
  ContentRole[name=denyReaders,inherit=false,allowForAll=false]
  ContentRole[name=denyAuthors,inherit=false,allowForAll=false]
  ContentRole[name=denyAdministrators,inherit=false,allowForAll=false]
  securityVector=129:SEC_PUBLIC=true,SEC_CREATOR_ADMIN=true,SEC_INH_ADMIN=false,SEC_INH_EDITOR=false,SEC_INH_VIEWER=false,SEC_ALL_ADMIN=false,SEC_ALL_EDITOR=false,SEC_ALL_VIEWER=false
]
2018-02-27 18:52:49.032 DEBUG application 6693 _a-0000e052-6d46-8000-06a9-01ef9001ef90_7170 Processing reference: ContentRole[name=readers,inherit=false,allowForAll=false]
2018-02-27 18:52:49.033 DEBUG application 6693 _a-0000e052-6d46-8000-06a9-01ef9001ef90_7170 Processing reference: ContentRole[name=authors,inherit=false,allowForAll=false]
2018-02-27 18:52:49.033 DEBUG application 6693 _a-0000e052-6d46-8000-06a9-01ef9001ef90_7170 Processing reference: ContentRole[name=administrators,usernames=[gpolk],inherit=false,allowForAll=false]
2018-02-27 18:52:49.035 DEBUG application 6693 _a-0000e052-6d46-8000-06a9-01ef9001ef90_7170 Processing reference: ContentRole[name=denyReaders,inherit=false,allowForAll=false]
2018-02-27 18:52:49.035 DEBUG application 6693 _a-0000e052-6d46-8000-06a9-01ef9001ef90_7170 Processing reference: ContentRole[name=denyAuthors,inherit=false,allowForAll=false]
2018-02-27 18:52:49.035 DEBUG application 6693 _a-0000e052-6d46-8000-06a9-01ef9001ef90_7170 Processing reference: ContentRole[name=denyAdministrators,inherit=false,allowForAll=false]
2018-02-27 18:52:49.037 DEBUG content 6694 _a-0000e052-6d46-8000-06a9-01ef9001ef90_7171 Begin transport.
2018-02-27 18:52:49.037 DEBUG content 6694 _a-0000e052-6d46-8000-06a9-01ef9001ef90_7171 Retrieving object data.
2018-02-27 18:52:49.046 DEBUG content 6694 _a-0000e052-6d46-8000-06a9-01ef9001ef90_7171 Setting uuids of object references.
2018-02-27 18:52:49.046 DEBUG content 6694 _a-0000e052-6d46-8000-06a9-01ef9001ef90_7171 Processing reference: [Content:id=6694,versionId=-1,name=AD_EnvironmentLabels,type=32,subtype=0,uuid=_a-0000e052-6d46-8000-06a9-01ef9001ef90_7171,parent=4870]
2018-02-27 18:52:49.047 DEBUG content 6694 _a-0000e052-6d46-8000-06a9-01ef9001ef90_7171 Processing reference: Constant.forum
2018-02-27 18:52:49.048 DEBUG content 6694 _a-0000e052-6d46-8000-06a9-01ef9001ef90_7171 Processing reference: Constant.parent
2018-02-27 18:52:49.052 DEBUG content 6694 _a-0000e052-6d46-8000-06a9-01ef9001ef90_7171 Processing reference: com.appiancorp.suiteapi.content.ContentRoleMap@581fb1f4[
  ContentRole[name=readers,inherit=true,allowForAll=false]
  ContentRole[name=authors,inherit=true,allowForAll=false]
  ContentRole[name=administrators,inherit=true,allowForAll=false]
  ContentRole[name=denyReaders,inherit=false,allowForAll=false]
  ContentRole[name=denyAuthors,inherit=false,allowForAll=false]
  ContentRole[name=denyAdministrators,inherit=false,allowForAll=false]
  securityVector=15:SEC_PUBLIC=true,SEC_CREATOR_ADMIN=false,SEC_INH_ADMIN=true,SEC_INH_EDITOR=true,SEC_INH_VIEWER=true,SEC_ALL_ADMIN=false,SEC_ALL_EDITOR=false,SEC_ALL_VIEWER=false
]
2018-02-27 18:52:49.052 DEBUG content 6694 _a-0000e052-6d46-8000-06a9-01ef9001ef90_7171 Processing reference: ContentRole[name=readers,inherit=true,allowForAll=false]
2018-02-27 18:52:49.052 DEBUG content 6694 _a-0000e052-6d46-8000-06a9-01ef9001ef90_7171 Processing reference: ContentRole[name=authors,inherit=true,allowForAll=false]
2018-02-27 18:52:49.052 DEBUG content 6694 _a-0000e052-6d46-8000-06a9-01ef9001ef90_7171 Processing reference: ContentRole[name=administrators,inherit=true,allowForAll=false]
2018-02-27 18:52:49.052 DEBUG content 6694 _a-0000e052-6d46-8000-06a9-01ef9001ef90_7171 Processing reference: ContentRole[name=denyReaders,inherit=false,allowForAll=false]
2018-02-27 18:52:49.052 DEBUG content 6694 _a-0000e052-6d46-8000-06a9-01ef9001ef90_7171 Processing reference: ContentRole[name=denyAuthors,inherit=false,allowForAll=false]
2018-02-27 18:52:49.052 DEBUG content 6694 _a-0000e052-6d46-8000-06a9-01ef9001ef90_7171 Processing reference: ContentRole[name=denyAdministrators,inherit=false,allowForAll=false]
2018-02-27 18:52:49.053 DEBUG content 6694 _a-0000e052-6d46-8000-06a9-01ef9001ef90_7171 Completing produce.
2018-02-27 18:52:49.053 DEBUG content 6694 _a-0000e052-6d46-8000-06a9-01ef9001ef90_7171 Exporting binary resources.
2018-02-27 18:52:49.053 DEBUG content 6694 _a-0000e052-6d46-8000-06a9-01ef9001ef90_7171 Serializing object to XML.
2018-02-27 18:52:49.624 DEBUG content 6694 _a-0000e052-6d46-8000-06a9-01ef9001ef90_7171 Object transported.
2018-02-27 18:52:49.624 DEBUG content 6695 _a-0000e052-6d46-8000-06a9-01ef9001ef90_7172 Begin transport.
2018-02-27 18:52:49.624 DEBUG content 6695 _a-0000e052-6d46-8000-06a9-01ef9001ef90_7172 Retrieving object data.
2018-02-27 18:52:49.639 DEBUG content 6695 _a-0000e052-6d46-8000-06a9-01ef9001ef90_7172 Setting uuids of object references.
2018-02-27 18:52:49.64 DEBUG content 6695 _a-0000e052-6d46-8000-06a9-01ef9001ef90_7172 Processing reference: [Content:id=6695,versionId=-1,name=AD_EnvironmentValues,type=32,subtype=0,uuid=_a-0000e052-6d46-8000-06a9-01ef9001ef90_7172,parent=4870]
2018-02-27 18:52:49.641 DEBUG content 6695 _a-0000e052-6d46-8000-06a9-01ef9001ef90_7172 Processing reference: Constant.forum
2018-02-27 18:52:49.643 DEBUG content 6695 _a-0000e052-6d46-8000-06a9-01ef9001ef90_7172 Processing reference: Constant.parent
2018-02-27 18:52:49.646 DEBUG content 6695 _a-0000e052-6d46-8000-06a9-01ef9001ef90_7172 Processing reference: com.appiancorp.suiteapi.content.ContentRoleMap@e552641[
  ContentRole[name=readers,inherit=true,allowForAll=false]
  ContentRole[name=authors,inherit=true,allowForAll=false]
  ContentRole[name=administrators,inherit=true,allowForAll=false]
  ContentRole[name=denyReaders,inherit=false,allowForAll=false]
  ContentRole[name=denyAuthors,inherit=false,allowForAll=false]
  ContentRole[name=denyAdministrators,inherit=false,allowForAll=false]
  securityVector=15:SEC_PUBLIC=true,SEC_CREATOR_ADMIN=false,SEC_INH_ADMIN=true,SEC_INH_EDITOR=true,SEC_INH_VIEWER=true,SEC_ALL_ADMIN=false,SEC_ALL_EDITOR=false,SEC_ALL_VIEWER=false
]
2018-02-27 18:52:49.646 DEBUG content 6695 _a-0000e052-6d46-8000-06a9-01ef9001ef90_7172 Processing reference: ContentRole[name=readers,inherit=true,allowForAll=false]
2018-02-27 18:52:49.646 DEBUG content 6695 _a-0000e052-6d46-8000-06a9-01ef9001ef90_7172 Processing reference: ContentRole[name=authors,inherit=true,allowForAll=false]
2018-02-27 18:52:49.646 DEBUG content 6695 _a-0000e052-6d46-8000-06a9-01ef9001ef90_7172 Processing reference: ContentRole[name=administrators,inherit=true,allowForAll=false]
2018-02-27 18:52:49.646 DEBUG content 6695 _a-0000e052-6d46-8000-06a9-01ef9001ef90_7172 Processing reference: ContentRole[name=denyReaders,inherit=false,allowForAll=false]
2018-02-27 18:52:49.646 DEBUG content 6695 _a-0000e052-6d46-8000-06a9-01ef9001ef90_7172 Processing reference: ContentRole[name=denyAuthors,inherit=false,allowForAll=false]
2018-02-27 18:52:49.647 DEBUG content 6695 _a-0000e052-6d46-8000-06a9-01ef9001ef90_7172 Processing reference: ContentRole[name=denyAdministrators,inherit=false,allowForAll=false]
2018-02-27 18:52:49.647 DEBUG content 6695 _a-0000e052-6d46-8000-06a9-01ef9001ef90_7172 Completing produce.
2018-02-27 18:52:49.647 DEBUG content 6695 _a-0000e052-6d46-8000-06a9-01ef9001ef90_7172 Exporting binary resources.
2018-02-27 18:52:49.647 DEBUG content 6695 _a-0000e052-6d46-8000-06a9-01ef9001ef90_7172 Serializing object to XML.
2018-02-27 18:52:49.652 DEBUG content 6695 _a-0000e052-6d46-8000-06a9-01ef9001ef90_7172 Object transported.
2018-02-27 18:52:49.652 DEBUG application 6693 _a-0000e052-6d46-8000-06a9-01ef9001ef90_7170 Completing produce.
2018-02-27 18:52:49.652 DEBUG application 6693 _a-0000e052-6d46-8000-06a9-01ef9001ef90_7170 Exporting binary resources.
2018-02-27 18:52:49.652 DEBUG application 6693 _a-0000e052-6d46-8000-06a9-01ef9001ef90_7170 Serializing object to XML.
2018-02-27 18:52:49.656 DEBUG application 6693 _a-0000e052-6d46-8000-06a9-01ef9001ef90_7170 Object transported.
